<?xml version="1.0" encoding="UTF-8"?>
<!-- Generated by org.testng.reporters.JUnitXMLReporter -->
<testsuite hostname="TUTUCOMP3-HP" ignored="0" name="Default test" tests="5" failures="0" timestamp="22 Nov 2018 13:09:38 GMT" time="49.238" errors="0">
  <testcase name="Navigate" time="6.187" classname="assessemnt.com.Task2"/>
  <testcase name="Validate" time="0.001" classname="assessemnt.com.Task2"/>
  <testcase name="Click" time="0.341" classname="assessemnt.com.Task2"/>
  <testcase name="AddUser" time="22.611" classname="assessemnt.com.Task2"/>
  <testcase name="EnsureUserUnique" time="20.06" classname="assessemnt.com.Task2"/>
</testsuite> <!-- Default test -->
